<?xml version="1.0" encoding="UTF-8"?>
<!-- Generated by org.testng.reporters.JUnitReportReporter -->
<testsuite hostname="CHAKRAVARTHI" failures="1" tests="7" name="Runners.TestRunner" time="416.377" errors="0" timestamp="22 Nov 2024 12:16:02 GMT" skipped="0">
  <testcase classname="Runners.TestRunner" name="runScenario" time="12.321"/>
  <testcase classname="Runners.TestRunner" name="runScenario" time="19.968"/>
  <testcase classname="Runners.TestRunner" name="runScenario" time="314.738"/>
  <testcase classname="Runners.TestRunner" name="runScenario" time="35.160">
    <failure message="expected [https://nice-bush-09f0b7600.5.azurestaticapps.net/auth/login?returnUrl=%2Fdashboard] but found [https://nice-bush-09f0b7600.5.azurestaticapps.net/dashboard]" type="java.lang.AssertionError">
      <![CDATA[java.lang.AssertionError: expected [https://nice-bush-09f0b7600.5.azurestaticapps.net/auth/login?returnUrl=%2Fdashboard] but found [https://nice-bush-09f0b7600.5.azurestaticapps.net/dashboard]
at org.testng.Assert.fail(Assert.java:96)
at org.testng.Assert.failNotEquals(Assert.java:776)
at org.testng.Assert.assertEqualsImpl(Assert.java:137)
at org.testng.Assert.assertEquals(Assert.java:118)
at org.testng.Assert.assertEquals(Assert.java:453)
at org.testng.Assert.assertEquals(Assert.java:463)
at StepDefination.LoginSteps.Super_Admin_Dashboard_Validation(LoginSteps.java:73)
at ✽.user is redirected to the Super Admin Dashboard(file:///C:/Users/chakr/git/repository2/CucumberFramework/./src/test/resources/Features/SuperAdminlogin.feature:36)
]]>
    </failure>
  </testcase> <!-- runScenario -->
  <testcase classname="Runners.TestRunner" name="runScenario" time="7.176"/>
  <testcase classname="Runners.TestRunner" name="runScenario" time="20.346"/>
  <testcase classname="Runners.TestRunner" name="runScenario" time="6.668"/>
</testsuite> <!-- Runners.TestRunner -->
