<?xml version="1.0" encoding="UTF-8"?>
<testng-results ignored="0" total="10" passed="10" failed="0" skipped="0">
  <reporter-output>
  </reporter-output>
  <suite started-at="2024-11-21T06:33:07Z" name="Default suite" finished-at="2024-11-21T06:35:40Z" duration-ms="153552">
    <groups>
      <group name="cucumber">
        <method signature="AbstractTestNGCucumberTests.runScenario(io.cucumber.testng.PickleWrapper, io.cucumber.testng.FeatureWrapper)[pri:0, instance:Runners.TestRunner@45312be2]" name="runScenario" class="io.cucumber.testng.AbstractTestNGCucumberTests"/>
      </group> <!-- cucumber -->
    </groups>
    <test started-at="2024-11-21T06:33:07Z" name="Default test" finished-at="2024-11-21T06:35:40Z" duration-ms="153552">
      <class name="Runners.TestRunner">
        <test-method is-config="true" signature="setUpClass(org.testng.ITestContext)[pri:0, instance:Runners.TestRunner@45312be2]" started-at="2024-11-21T06:33:07Z" name="setUpClass" finished-at="2024-11-21T06:33:07Z" duration-ms="366" status="PASS">
          <params>
            <param index="0">
              <value>
                <![CDATA[org.testng.TestRunner@e0847a9]]>
              </value>
            </param>
          </params>
          <reporter-output>
          </reporter-output>
        </test-method> <!-- setUpClass -->
        <test-method signature="runScenario(io.cucumber.testng.PickleWrapper, io.cucumber.testng.FeatureWrapper)[pri:0, instance:Runners.TestRunner@45312be2]" started-at="2024-11-21T06:33:07Z" name="runScenario" description="Runs Cucumber Scenarios" data-provider="scenarios" finished-at="2024-11-21T06:33:33Z" duration-ms="26363" status="PASS">
          <params>
            <param index="0">
              <value>
                <![CDATA["Successful login with valid username and password"]]>
              </value>
            </param>
            <param index="1">
              <value>
                <![CDATA["Login Functionality"]]>
              </value>
            </param>
          </params>
          <reporter-output>
          </reporter-output>
        </test-method> <!-- runScenario -->
        <test-method signature="runScenario(io.cucumber.testng.PickleWrapper, io.cucumber.testng.FeatureWrapper)[pri:0, instance:Runners.TestRunner@45312be2]" started-at="2024-11-21T06:33:33Z" name="runScenario" description="Runs Cucumber Scenarios" data-provider="scenarios" finished-at="2024-11-21T06:33:44Z" duration-ms="10836" status="PASS">
          <params>
            <param index="0">
              <value>
                <![CDATA["Unsuccessful login with valid username and invalid password"]]>
              </value>
            </param>
            <param index="1">
              <value>
                <![CDATA["Login Functionality"]]>
              </value>
            </param>
          </params>
          <reporter-output>
          </reporter-output>
        </test-method> <!-- runScenario -->
        <test-method signature="runScenario(io.cucumber.testng.PickleWrapper, io.cucumber.testng.FeatureWrapper)[pri:0, instance:Runners.TestRunner@45312be2]" started-at="2024-11-21T06:33:44Z" name="runScenario" description="Runs Cucumber Scenarios" data-provider="scenarios" finished-at="2024-11-21T06:33:55Z" duration-ms="10942" status="PASS">
          <params>
            <param index="0">
              <value>
                <![CDATA["Unsuccessful login with invalid username"]]>
              </value>
            </param>
            <param index="1">
              <value>
                <![CDATA["Login Functionality"]]>
              </value>
            </param>
          </params>
          <reporter-output>
          </reporter-output>
        </test-method> <!-- runScenario -->
        <test-method signature="runScenario(io.cucumber.testng.PickleWrapper, io.cucumber.testng.FeatureWrapper)[pri:0, instance:Runners.TestRunner@45312be2]" started-at="2024-11-21T06:33:55Z" name="runScenario" description="Runs Cucumber Scenarios" data-provider="scenarios" finished-at="2024-11-21T06:34:18Z" duration-ms="22431" status="PASS">
          <params>
            <param index="0">
              <value>
                <![CDATA["Successful login with valid username and password"]]>
              </value>
            </param>
            <param index="1">
              <value>
                <![CDATA["Login Functionality"]]>
              </value>
            </param>
          </params>
          <reporter-output>
          </reporter-output>
        </test-method> <!-- runScenario -->
        <test-method signature="runScenario(io.cucumber.testng.PickleWrapper, io.cucumber.testng.FeatureWrapper)[pri:0, instance:Runners.TestRunner@45312be2]" started-at="2024-11-21T06:34:18Z" name="runScenario" description="Runs Cucumber Scenarios" data-provider="scenarios" finished-at="2024-11-21T06:34:29Z" duration-ms="10973" status="PASS">
          <params>
            <param index="0">
              <value>
                <![CDATA["Unsuccessful login with valid username and invalid password"]]>
              </value>
            </param>
            <param index="1">
              <value>
                <![CDATA["Login Functionality"]]>
              </value>
            </param>
          </params>
          <reporter-output>
          </reporter-output>
        </test-method> <!-- runScenario -->
        <test-method signature="runScenario(io.cucumber.testng.PickleWrapper, io.cucumber.testng.FeatureWrapper)[pri:0, instance:Runners.TestRunner@45312be2]" started-at="2024-11-21T06:34:29Z" name="runScenario" description="Runs Cucumber Scenarios" data-provider="scenarios" finished-at="2024-11-21T06:34:39Z" duration-ms="10748" status="PASS">
          <params>
            <param index="0">
              <value>
                <![CDATA["Unsuccessful login with invalid username"]]>
              </value>
            </param>
            <param index="1">
              <value>
                <![CDATA["Login Functionality"]]>
              </value>
            </param>
          </params>
          <reporter-output>
          </reporter-output>
        </test-method> <!-- runScenario -->
        <test-method signature="runScenario(io.cucumber.testng.PickleWrapper, io.cucumber.testng.FeatureWrapper)[pri:0, instance:Runners.TestRunner@45312be2]" started-at="2024-11-21T06:34:39Z" name="runScenario" description="Runs Cucumber Scenarios" data-provider="scenarios" finished-at="2024-11-21T06:35:02Z" duration-ms="22333" status="PASS">
          <params>
            <param index="0">
              <value>
                <![CDATA["Successful login with valid username and password"]]>
              </value>
            </param>
            <param index="1">
              <value>
                <![CDATA["Login Functionality"]]>
              </value>
            </param>
          </params>
          <reporter-output>
          </reporter-output>
        </test-method> <!-- runScenario -->
        <test-method signature="runScenario(io.cucumber.testng.PickleWrapper, io.cucumber.testng.FeatureWrapper)[pri:0, instance:Runners.TestRunner@45312be2]" started-at="2024-11-21T06:35:02Z" name="runScenario" description="Runs Cucumber Scenarios" data-provider="scenarios" finished-at="2024-11-21T06:35:12Z" duration-ms="10658" status="PASS">
          <params>
            <param index="0">
              <value>
                <![CDATA["Unsuccessful login with valid username and invalid password"]]>
              </value>
            </param>
            <param index="1">
              <value>
                <![CDATA["Login Functionality"]]>
              </value>
            </param>
          </params>
          <reporter-output>
          </reporter-output>
        </test-method> <!-- runScenario -->
        <test-method signature="runScenario(io.cucumber.testng.PickleWrapper, io.cucumber.testng.FeatureWrapper)[pri:0, instance:Runners.TestRunner@45312be2]" started-at="2024-11-21T06:35:12Z" name="runScenario" description="Runs Cucumber Scenarios" data-provider="scenarios" finished-at="2024-11-21T06:35:23Z" duration-ms="10695" status="PASS">
          <params>
            <param index="0">
              <value>
                <![CDATA["Unsuccessful login with invalid username"]]>
              </value>
            </param>
            <param index="1">
              <value>
                <![CDATA["Login Functionality"]]>
              </value>
            </param>
          </params>
          <reporter-output>
          </reporter-output>
        </test-method> <!-- runScenario -->
        <test-method signature="runScenario(io.cucumber.testng.PickleWrapper, io.cucumber.testng.FeatureWrapper)[pri:0, instance:Runners.TestRunner@45312be2]" started-at="2024-11-21T06:35:23Z" name="runScenario" description="Runs Cucumber Scenarios" data-provider="scenarios" finished-at="2024-11-21T06:35:40Z" duration-ms="16834" status="PASS">
          <params>
            <param index="0">
              <value>
                <![CDATA["User clicks on Login button without filling username and password"]]>
              </value>
            </param>
            <param index="1">
              <value>
                <![CDATA["Login Functionality"]]>
              </value>
            </param>
          </params>
          <reporter-output>
          </reporter-output>
        </test-method> <!-- runScenario -->
        <test-method is-config="true" signature="tearDownClass()[pri:0, instance:Runners.TestRunner@45312be2]" started-at="2024-11-21T06:35:40Z" name="tearDownClass" finished-at="2024-11-21T06:35:40Z" duration-ms="329" status="PASS">
          <reporter-output>
          </reporter-output>
        </test-method> <!-- tearDownClass -->
      </class> <!-- Runners.TestRunner -->
    </test> <!-- Default test -->
  </suite> <!-- Default suite -->
</testng-results>
