<?xml version="1.0" encoding="UTF-8"?>
<testng-results ignored="0" total="7" passed="6" failed="1" skipped="0">
  <reporter-output>
  </reporter-output>
  <suite started-at="2024-11-22T12:09:05Z" name="Default suite" finished-at="2024-11-22T12:16:02Z" duration-ms="417056">
    <groups>
      <group name="cucumber">
        <method signature="AbstractTestNGCucumberTests.runScenario(io.cucumber.testng.PickleWrapper, io.cucumber.testng.FeatureWrapper)[pri:0, instance:Runners.TestRunner@2e6a5539]" name="runScenario" class="io.cucumber.testng.AbstractTestNGCucumberTests"/>
      </group> <!-- cucumber -->
    </groups>
    <test started-at="2024-11-22T12:09:05Z" name="Default test" finished-at="2024-11-22T12:16:02Z" duration-ms="417056">
      <class name="Runners.TestRunner">
        <test-method is-config="true" signature="setUpClass(org.testng.ITestContext)[pri:0, instance:Runners.TestRunner@2e6a5539]" started-at="2024-11-22T12:09:05Z" name="setUpClass" finished-at="2024-11-22T12:09:05Z" duration-ms="277" status="PASS">
          <params>
            <param index="0">
              <value>
                <![CDATA[org.testng.TestRunner@12214f2f]]>
              </value>
            </param>
          </params>
          <reporter-output>
          </reporter-output>
        </test-method> <!-- setUpClass -->
        <test-method signature="runScenario(io.cucumber.testng.PickleWrapper, io.cucumber.testng.FeatureWrapper)[pri:0, instance:Runners.TestRunner@2e6a5539]" started-at="2024-11-22T12:09:05Z" name="runScenario" description="Runs Cucumber Scenarios" data-provider="scenarios" finished-at="2024-11-22T12:09:25Z" duration-ms="20346" status="PASS">
          <params>
            <param index="0">
              <value>
                <![CDATA["Successful login with valid username and password"]]>
              </value>
            </param>
            <param index="1">
              <value>
                <![CDATA["Super Admin Login Functionality"]]>
              </value>
            </param>
          </params>
          <reporter-output>
          </reporter-output>
        </test-method> <!-- runScenario -->
        <test-method signature="runScenario(io.cucumber.testng.PickleWrapper, io.cucumber.testng.FeatureWrapper)[pri:0, instance:Runners.TestRunner@2e6a5539]" started-at="2024-11-22T12:09:25Z" name="runScenario" description="Runs Cucumber Scenarios" data-provider="scenarios" finished-at="2024-11-22T12:09:32Z" duration-ms="6668" status="PASS">
          <params>
            <param index="0">
              <value>
                <![CDATA["Unsuccessful login with valid username and invalid password"]]>
              </value>
            </param>
            <param index="1">
              <value>
                <![CDATA["Super Admin Login Functionality"]]>
              </value>
            </param>
          </params>
          <reporter-output>
          </reporter-output>
        </test-method> <!-- runScenario -->
        <test-method signature="runScenario(io.cucumber.testng.PickleWrapper, io.cucumber.testng.FeatureWrapper)[pri:0, instance:Runners.TestRunner@2e6a5539]" started-at="2024-11-22T12:09:32Z" name="runScenario" description="Runs Cucumber Scenarios" data-provider="scenarios" finished-at="2024-11-22T12:09:39Z" duration-ms="7176" status="PASS">
          <params>
            <param index="0">
              <value>
                <![CDATA["Unsuccessful login with invalid username"]]>
              </value>
            </param>
            <param index="1">
              <value>
                <![CDATA["Super Admin Login Functionality"]]>
              </value>
            </param>
          </params>
          <reporter-output>
          </reporter-output>
        </test-method> <!-- runScenario -->
        <test-method signature="runScenario(io.cucumber.testng.PickleWrapper, io.cucumber.testng.FeatureWrapper)[pri:0, instance:Runners.TestRunner@2e6a5539]" started-at="2024-11-22T12:09:39Z" name="runScenario" description="Runs Cucumber Scenarios" data-provider="scenarios" finished-at="2024-11-22T12:09:51Z" duration-ms="12321" status="PASS">
          <params>
            <param index="0">
              <value>
                <![CDATA["User clicks on Login button without username and password"]]>
              </value>
            </param>
            <param index="1">
              <value>
                <![CDATA["Super Admin Login Functionality"]]>
              </value>
            </param>
          </params>
          <reporter-output>
          </reporter-output>
        </test-method> <!-- runScenario -->
        <test-method signature="runScenario(io.cucumber.testng.PickleWrapper, io.cucumber.testng.FeatureWrapper)[pri:0, instance:Runners.TestRunner@2e6a5539]" started-at="2024-11-22T12:09:51Z" name="runScenario" description="Runs Cucumber Scenarios" data-provider="scenarios" finished-at="2024-11-22T12:10:26Z" duration-ms="35160" status="FAIL">
          <params>
            <param index="0">
              <value>
                <![CDATA["Successful login Valid Email ID with Valid OTP"]]>
              </value>
            </param>
            <param index="1">
              <value>
                <![CDATA["Super Admin Login Functionality"]]>
              </value>
            </param>
          </params>
          <exception class="java.lang.AssertionError">
            <message>
              <![CDATA[expected [https://nice-bush-09f0b7600.5.azurestaticapps.net/auth/login?returnUrl=%2Fdashboard] but found [https://nice-bush-09f0b7600.5.azurestaticapps.net/dashboard]]]>
            </message>
            <full-stacktrace>
              <![CDATA[java.lang.AssertionError: expected [https://nice-bush-09f0b7600.5.azurestaticapps.net/auth/login?returnUrl=%2Fdashboard] but found [https://nice-bush-09f0b7600.5.azurestaticapps.net/dashboard]
at org.testng.Assert.fail(Assert.java:96)
at org.testng.Assert.failNotEquals(Assert.java:776)
at org.testng.Assert.assertEqualsImpl(Assert.java:137)
at org.testng.Assert.assertEquals(Assert.java:118)
at org.testng.Assert.assertEquals(Assert.java:453)
at org.testng.Assert.assertEquals(Assert.java:463)
at StepDefination.LoginSteps.Super_Admin_Dashboard_Validation(LoginSteps.java:73)
at ✽.user is redirected to the Super Admin Dashboard(file:///C:/Users/chakr/git/repository2/CucumberFramework/./src/test/resources/Features/SuperAdminlogin.feature:36)
]]>
            </full-stacktrace>
          </exception> <!-- java.lang.AssertionError -->
          <reporter-output>
          </reporter-output>
        </test-method> <!-- runScenario -->
        <test-method signature="runScenario(io.cucumber.testng.PickleWrapper, io.cucumber.testng.FeatureWrapper)[pri:0, instance:Runners.TestRunner@2e6a5539]" started-at="2024-11-22T12:10:26Z" name="runScenario" description="Runs Cucumber Scenarios" data-provider="scenarios" finished-at="2024-11-22T12:10:46Z" duration-ms="19968" status="PASS">
          <params>
            <param index="0">
              <value>
                <![CDATA["Unsuccessful login Email ID with Inavlid OTP"]]>
              </value>
            </param>
            <param index="1">
              <value>
                <![CDATA["Super Admin Login Functionality"]]>
              </value>
            </param>
          </params>
          <reporter-output>
          </reporter-output>
        </test-method> <!-- runScenario -->
        <test-method signature="runScenario(io.cucumber.testng.PickleWrapper, io.cucumber.testng.FeatureWrapper)[pri:0, instance:Runners.TestRunner@2e6a5539]" started-at="2024-11-22T12:10:46Z" name="runScenario" description="Runs Cucumber Scenarios" data-provider="scenarios" finished-at="2024-11-22T12:16:01Z" duration-ms="314738" status="PASS">
          <params>
            <param index="0">
              <value>
                <![CDATA["Unsuccessful login Email ID with Expired OTP"]]>
              </value>
            </param>
            <param index="1">
              <value>
                <![CDATA["Super Admin Login Functionality"]]>
              </value>
            </param>
          </params>
          <reporter-output>
          </reporter-output>
        </test-method> <!-- runScenario -->
        <test-method is-config="true" signature="tearDownClass()[pri:0, instance:Runners.TestRunner@2e6a5539]" started-at="2024-11-22T12:16:01Z" name="tearDownClass" finished-at="2024-11-22T12:16:02Z" duration-ms="378" status="PASS">
          <reporter-output>
          </reporter-output>
        </test-method> <!-- tearDownClass -->
      </class> <!-- Runners.TestRunner -->
    </test> <!-- Default test -->
  </suite> <!-- Default suite -->
</testng-results>
