<?xml version="1.0" encoding="UTF-8"?>
<testng-results ignored="0" total="1" passed="1" failed="0" skipped="0">
  <reporter-output>
  </reporter-output>
  <suite started-at="2024-11-22T06:18:23Z" name="Default suite" finished-at="2024-11-22T06:19:07Z" duration-ms="43594">
    <groups>
      <group name="cucumber">
        <method signature="AbstractTestNGCucumberTests.runScenario(io.cucumber.testng.PickleWrapper, io.cucumber.testng.FeatureWrapper)[pri:0, instance:Runners.TestRunner@2e6a5539]" name="runScenario" class="io.cucumber.testng.AbstractTestNGCucumberTests"/>
      </group> <!-- cucumber -->
    </groups>
    <test started-at="2024-11-22T06:18:23Z" name="Default test" finished-at="2024-11-22T06:19:07Z" duration-ms="43594">
      <class name="Runners.TestRunner">
        <test-method is-config="true" signature="setUpClass(org.testng.ITestContext)[pri:0, instance:Runners.TestRunner@2e6a5539]" started-at="2024-11-22T06:18:23Z" name="setUpClass" finished-at="2024-11-22T06:18:24Z" duration-ms="351" status="PASS">
          <params>
            <param index="0">
              <value>
                <![CDATA[org.testng.TestRunner@13cc0b90]]>
              </value>
            </param>
          </params>
          <reporter-output>
          </reporter-output>
        </test-method> <!-- setUpClass -->
        <test-method signature="runScenario(io.cucumber.testng.PickleWrapper, io.cucumber.testng.FeatureWrapper)[pri:0, instance:Runners.TestRunner@2e6a5539]" started-at="2024-11-22T06:18:24Z" name="runScenario" description="Runs Cucumber Scenarios" data-provider="scenarios" finished-at="2024-11-22T06:19:07Z" duration-ms="42870" status="PASS">
          <params>
            <param index="0">
              <value>
                <![CDATA["User Enter into application Email ID with OTP requirest"]]>
              </value>
            </param>
            <param index="1">
              <value>
                <![CDATA["Login Functionality"]]>
              </value>
            </param>
          </params>
          <reporter-output>
          </reporter-output>
        </test-method> <!-- runScenario -->
        <test-method is-config="true" signature="tearDownClass()[pri:0, instance:Runners.TestRunner@2e6a5539]" started-at="2024-11-22T06:19:07Z" name="tearDownClass" finished-at="2024-11-22T06:19:07Z" duration-ms="360" status="PASS">
          <reporter-output>
          </reporter-output>
        </test-method> <!-- tearDownClass -->
      </class> <!-- Runners.TestRunner -->
    </test> <!-- Default test -->
  </suite> <!-- Default suite -->
</testng-results>
