<?xml version="1.0" encoding="UTF-8"?>
<testng-results ignored="0" total="5" passed="5" failed="0" skipped="0">
  <reporter-output>
  </reporter-output>
  <suite started-at="2024-11-19T12:10:01Z" name="Default suite" finished-at="2024-11-19T12:11:48Z" duration-ms="106858">
    <groups>
      <group name="cucumber">
        <method signature="AbstractTestNGCucumberTests.runScenario(io.cucumber.testng.PickleWrapper, io.cucumber.testng.FeatureWrapper)[pri:0, instance:Runners.TestRunner@45312be2]" name="runScenario" class="io.cucumber.testng.AbstractTestNGCucumberTests"/>
      </group> <!-- cucumber -->
    </groups>
    <test started-at="2024-11-19T12:10:01Z" name="Default test" finished-at="2024-11-19T12:11:48Z" duration-ms="106858">
      <class name="Runners.TestRunner">
        <test-method is-config="true" signature="setUpClass(org.testng.ITestContext)[pri:0, instance:Runners.TestRunner@45312be2]" started-at="2024-11-19T12:10:01Z" name="setUpClass" finished-at="2024-11-19T12:10:01Z" duration-ms="734" status="PASS">
          <params>
            <param index="0">
              <value>
                <![CDATA[org.testng.TestRunner@3962ec84]]>
              </value>
            </param>
          </params>
          <reporter-output>
          </reporter-output>
        </test-method> <!-- setUpClass -->
        <test-method signature="runScenario(io.cucumber.testng.PickleWrapper, io.cucumber.testng.FeatureWrapper)[pri:0, instance:Runners.TestRunner@45312be2]" started-at="2024-11-19T12:10:01Z" name="runScenario" description="Runs Cucumber Scenarios" data-provider="scenarios" finished-at="2024-11-19T12:10:25Z" duration-ms="23328" status="PASS">
          <params>
            <param index="0">
              <value>
                <![CDATA["Ripple Smart Admin Login Test Scenario"]]>
              </value>
            </param>
            <param index="1">
              <value>
                <![CDATA["Ripple Smart Admin Login Feature"]]>
              </value>
            </param>
          </params>
          <reporter-output>
          </reporter-output>
        </test-method> <!-- runScenario -->
        <test-method signature="runScenario(io.cucumber.testng.PickleWrapper, io.cucumber.testng.FeatureWrapper)[pri:0, instance:Runners.TestRunner@45312be2]" started-at="2024-11-19T12:10:25Z" name="runScenario" description="Runs Cucumber Scenarios" data-provider="scenarios" finished-at="2024-11-19T12:10:46Z" duration-ms="21038" status="PASS">
          <params>
            <param index="0">
              <value>
                <![CDATA["Ripple Smart Consumer Login Test Scenario"]]>
              </value>
            </param>
            <param index="1">
              <value>
                <![CDATA["Ripple Smart Consumer Login Feature"]]>
              </value>
            </param>
          </params>
          <reporter-output>
          </reporter-output>
        </test-method> <!-- runScenario -->
        <test-method signature="runScenario(io.cucumber.testng.PickleWrapper, io.cucumber.testng.FeatureWrapper)[pri:0, instance:Runners.TestRunner@45312be2]" started-at="2024-11-19T12:10:46Z" name="runScenario" description="Runs Cucumber Scenarios" data-provider="scenarios" finished-at="2024-11-19T12:11:07Z" duration-ms="20935" status="PASS">
          <params>
            <param index="0">
              <value>
                <![CDATA["Ripple Smart Login Test Scenario"]]>
              </value>
            </param>
            <param index="1">
              <value>
                <![CDATA["Ripple Smart Super Admin Login Feature"]]>
              </value>
            </param>
          </params>
          <reporter-output>
          </reporter-output>
        </test-method> <!-- runScenario -->
        <test-method signature="runScenario(io.cucumber.testng.PickleWrapper, io.cucumber.testng.FeatureWrapper)[pri:0, instance:Runners.TestRunner@45312be2]" started-at="2024-11-19T12:11:07Z" name="runScenario" description="Runs Cucumber Scenarios" data-provider="scenarios" finished-at="2024-11-19T12:11:27Z" duration-ms="20606" status="PASS">
          <params>
            <param index="0">
              <value>
                <![CDATA["Ripple Smart Admin Login Test Scenario"]]>
              </value>
            </param>
            <param index="1">
              <value>
                <![CDATA["Ripple Smart Super Admin Login Feature"]]>
              </value>
            </param>
          </params>
          <reporter-output>
          </reporter-output>
        </test-method> <!-- runScenario -->
        <test-method signature="runScenario(io.cucumber.testng.PickleWrapper, io.cucumber.testng.FeatureWrapper)[pri:0, instance:Runners.TestRunner@45312be2]" started-at="2024-11-19T12:11:27Z" name="runScenario" description="Runs Cucumber Scenarios" data-provider="scenarios" finished-at="2024-11-19T12:11:48Z" duration-ms="20140" status="PASS">
          <params>
            <param index="0">
              <value>
                <![CDATA["Ripple Smart Consumer Login Test Scenario"]]>
              </value>
            </param>
            <param index="1">
              <value>
                <![CDATA["Ripple Smart Super Admin Login Feature"]]>
              </value>
            </param>
          </params>
          <reporter-output>
          </reporter-output>
        </test-method> <!-- runScenario -->
        <test-method is-config="true" signature="tearDownClass()[pri:0, instance:Runners.TestRunner@45312be2]" started-at="2024-11-19T12:11:48Z" name="tearDownClass" finished-at="2024-11-19T12:11:48Z" duration-ms="42" status="PASS">
          <reporter-output>
          </reporter-output>
        </test-method> <!-- tearDownClass -->
      </class> <!-- Runners.TestRunner -->
    </test> <!-- Default test -->
  </suite> <!-- Default suite -->
</testng-results>
